[2024-05-08 16:41:02,187] multiqc                                            [DEBUG  ]  This is MultiQC v1.17
[2024-05-08 16:41:02,188] multiqc                                            [DEBUG  ]  Command used: /projectnb/bf528/students/luluj/project_3_individual/rnaseq/.snakemake/conda/cf78252e4dba90e9fed75a76e9be92a6_/bin/multiqc qc/ --outdir qc/
[2024-05-08 16:41:02,917] multiqc                                            [DEBUG  ]  Could not connect to multiqc.info for version check: module 'packaging.version' has no attribute 'StrictVersion'
[2024-05-08 16:41:02,917] multiqc                                            [DEBUG  ]  Working dir : /projectnb/bf528/students/luluj/project_3_individual/rnaseq
[2024-05-08 16:41:02,917] multiqc                                            [DEBUG  ]  Template    : default
[2024-05-08 16:41:02,917] multiqc                                            [DEBUG  ]  Running Python 3.12.3 | packaged by conda-forge | (main, Apr 15 2024, 18:38:13) [GCC 12.3.0]
[2024-05-08 16:41:02,918] multiqc                                            [DEBUG  ]  Analysing modules: custom_content, ccs, ngsderive, purple, conpair, lima, peddy, somalier, methylQA, mosdepth, phantompeakqualtools, qualimap, preseq, hifiasm, quast, qorts, rna_seqc, rockhopper, rsem, rseqc, busco, bustools, goleft_indexcov, gffcompare, disambiguate, supernova, deeptools, sargasso, verifybamid, mirtrace, happy, mirtop, sambamba, gopeaks, homer, hops, macs2, theta2, snpeff, gatk, htseq, bcftools, featureCounts, fgbio, dragen, dragen_fastqc, dedup, pbmarkdup, damageprofiler, mapdamage, biobambam2, jcvi, mtnucratio, picard, vep, sentieon, bakta, prokka, qc3C, nanostat, samblaster, samtools, sexdeterrmine, eigenstratdatabasetools, bamtools, jellyfish, vcftools, longranger, stacks, varscan2, snippy, umitools, truvari, bbmap, bismark, biscuit, diamond, hicexplorer, hicup, hicpro, salmon, kallisto, slamdunk, star, hisat2, tophat, bowtie2, bowtie1, cellranger, snpsplit, odgi, pangolin, nextclade, freyja, humid, kat, leehom, librarian, adapterRemoval, bbduk, clipandmerge, cutadapt, flexbar, sourmash, kaiju, bracken, kraken, malt, motus, trimmomatic, sickle, skewer, sortmerna, biobloomtools, fastq_screen, afterqc, fastp, fastqc, filtlong, prinseqplusplus, pychopper, porechop, pycoqc, minionqc, anglerfish, multivcfanalyzer, clusterflow, checkqc, bcl2fastq, bclconvert, interop, ivar, flash, seqyclean, optitype, whatshap
[2024-05-08 16:41:02,918] multiqc                                            [DEBUG  ]  Using temporary directory for creating report: /scratch/7124377.1.academic/tmpx602dudf
[2024-05-08 16:41:02,925] multiqc                                            [INFO   ]  Search path : /projectnb/bf528/students/luluj/project_3_individual/rnaseq/qc
[2024-05-08 16:41:03,345] multiqc                                            [DEBUG  ]  Summary of files that were skipped by the search: [skipped_module_specific_max_filesize: 144] // [skipped_no_match: 12]
[2024-05-08 16:41:06,292] multiqc.plots.bargraph                             [DEBUG  ]  Using matplotlib version 3.8.4
[2024-05-08 16:41:06,332] multiqc.plots.linegraph                            [DEBUG  ]  Using matplotlib version 3.8.4
[2024-05-08 16:41:06,344] multiqc                                            [DEBUG  ]  No samples found: custom_content
[2024-05-08 16:41:07,099] multiqc.modules.fastqc.fastqc                      [INFO   ]  Found 12 reports
[2024-05-08 16:41:07,140] multiqc.utils.software_versions                    [DEBUG  ]  Reading software versions from config.software_versions
[2024-05-08 16:41:07,152] multiqc                                            [DEBUG  ]  Compressing plot data
[2024-05-08 16:41:07,267] multiqc                                            [INFO   ]  Report      : qc/multiqc_report.html
[2024-05-08 16:41:07,267] multiqc                                            [INFO   ]  Data        : qc/multiqc_data
[2024-05-08 16:41:07,267] multiqc                                            [DEBUG  ]  Moving data file from '/scratch/7124377.1.academic/tmpx602dudf/multiqc_data' to 'qc/multiqc_data'
[2024-05-08 16:41:07,272] multiqc                                            [DEBUG  ]  Full report path: /projectnb/bf528/students/luluj/project_3_individual/rnaseq/qc/multiqc_report.html
[2024-05-08 16:41:08,119] multiqc                                            [INFO   ]  MultiQC complete
